Using pre-set license
Built from '2020.3/staging' branch; Version is '2020.3.30f1 (1fb1bf06830e) revision 2077119'; Using compiler version '192528614'; Build Type 'Release'
OS: 'Windows 11  (10.0.22000) 64bit Core' Language: 'en' Physical Memory: 16318 MB
BatchMode: 1, IsHumanControllingUs: 0, StartBugReporterOnCrash: 0, Is64bit: 1, IsPro: 0

COMMAND LINE ARGUMENTS:
C:\Program Files\Unity\Hub\Editor\2020.3.30f1\Editor\Unity.exe
-adb2
-batchMode
-noUpm
-name
AssetImportWorker0
-projectPath
E:/CasualGameClone
-logFile
Logs/AssetImportWorker0.log
-srvPort
1457
Successfully changed project path to: E:/CasualGameClone
E:/CasualGameClone
Using Asset Import Pipeline V2.
Refreshing native plugins compatible for Editor in 44.30 ms, found 3 plugins.
Preloading 0 native plugins for Editor in 0.00 ms.
Initialize engine version: 2020.3.30f1 (1fb1bf06830e)
[Subsystems] Discovering subsystems at path C:/Program Files/Unity/Hub/Editor/2020.3.30f1/Editor/Data/Resources/UnitySubsystems
[Subsystems] Discovering subsystems at path E:/CasualGameClone/Assets
GfxDevice: creating device client; threaded=0
Direct3D:
    Version:  Direct3D 11.0 [level 11.1]
    Renderer: NVIDIA GeForce GTX 1080 (ID=0x1b80)
    Vendor:   
    VRAM:     8079 MB
    Driver:   31.0.15.1640
Initialize mono
Mono path[0] = 'C:/Program Files/Unity/Hub/Editor/2020.3.30f1/Editor/Data/Managed'
Mono path[1] = 'C:/Program Files/Unity/Hub/Editor/2020.3.30f1/Editor/Data/MonoBleedingEdge/lib/mono/unityjit'
Mono config path = 'C:/Program Files/Unity/Hub/Editor/2020.3.30f1/Editor/Data/MonoBleedingEdge/etc'
Using monoOptions --debugger-agent=transport=dt_socket,embedding=1,server=y,suspend=n,address=127.0.0.1:56144
Begin MonoManager ReloadAssembly
Registering precompiled unity dll's ...
Register platform support module: C:/Program Files/Unity/Hub/Editor/2020.3.30f1/Editor/Data/PlaybackEngines/MacStandaloneSupport/UnityEditor.OSXStandalone.Extensions.dll
Register platform support module: C:/Program Files/Unity/Hub/Editor/2020.3.30f1/Editor/Data/PlaybackEngines/WindowsStandaloneSupport/UnityEditor.WindowsStandalone.Extensions.dll
Registered in 0.001774 seconds.
Native extension for WindowsStandalone target not found
Native extension for OSXStandalone target not found
Refreshing native plugins compatible for Editor in 40.88 ms, found 3 plugins.
Preloading 0 native plugins for Editor in 0.00 ms.
Mono: successfully reloaded assembly
- Completed reload, in  0.549 seconds
Domain Reload Profiling:
	ReloadAssembly (549ms)
		BeginReloadAssembly (56ms)
			ExecutionOrderSort (0ms)
			DisableScriptedObjects (0ms)
			BackupInstance (0ms)
			ReleaseScriptingObjects (0ms)
			CreateAndSetChildDomain (1ms)
		EndReloadAssembly (426ms)
			LoadAssemblies (54ms)
			RebuildTransferFunctionScriptingTraits (0ms)
			SetupTypeCache (138ms)
			ReleaseScriptCaches (0ms)
			RebuildScriptCaches (27ms)
			SetupLoadedEditorAssemblies (165ms)
				LogAssemblyErrors (0ms)
				InitializePlatformSupportModulesInManaged (4ms)
				SetLoadedEditorAssemblies (0ms)
				RefreshPlugins (41ms)
				BeforeProcessingInitializeOnLoad (15ms)
				ProcessInitializeOnLoadAttributes (75ms)
				ProcessInitializeOnLoadMethodAttributes (29ms)
				AfterProcessingInitializeOnLoad (0ms)
				EditorAssembliesLoaded (0ms)
			ExecutionOrderSort2 (0ms)
			AwakeInstancesAfterBackupRestoration (0ms)
Platform modules already initialized, skipping
Registering precompiled user dll's ...
Registered in 0.002964 seconds.
Begin MonoManager ReloadAssembly
Native extension for WindowsStandalone target not found
Native extension for OSXStandalone target not found
Refreshing native plugins compatible for Editor in 42.32 ms, found 3 plugins.
Preloading 0 native plugins for Editor in 0.00 ms.
Mono: successfully reloaded assembly
- Completed reload, in  1.099 seconds
Domain Reload Profiling:
	ReloadAssembly (1100ms)
		BeginReloadAssembly (169ms)
			ExecutionOrderSort (0ms)
			DisableScriptedObjects (7ms)
			BackupInstance (0ms)
			ReleaseScriptingObjects (0ms)
			CreateAndSetChildDomain (24ms)
		EndReloadAssembly (869ms)
			LoadAssemblies (119ms)
			RebuildTransferFunctionScriptingTraits (0ms)
			SetupTypeCache (277ms)
			ReleaseScriptCaches (0ms)
			RebuildScriptCaches (51ms)
			SetupLoadedEditorAssemblies (324ms)
				LogAssemblyErrors (0ms)
				InitializePlatformSupportModulesInManaged (4ms)
				SetLoadedEditorAssemblies (0ms)
				RefreshPlugins (42ms)
				BeforeProcessingInitializeOnLoad (72ms)
				ProcessInitializeOnLoadAttributes (185ms)
				ProcessInitializeOnLoadMethodAttributes (15ms)
				AfterProcessingInitializeOnLoad (5ms)
				EditorAssembliesLoaded (0ms)
			ExecutionOrderSort2 (0ms)
			AwakeInstancesAfterBackupRestoration (6ms)
Platform modules already initialized, skipping
========================================================================
Worker process is ready to serve import requests
Launched and connected shader compiler UnityShaderCompiler.exe after 0.05 seconds
Refreshing native plugins compatible for Editor in 1.27 ms, found 3 plugins.
Preloading 0 native plugins for Editor in 0.00 ms.
Unloading 2298 Unused Serialized files (Serialized files now loaded: 0)
System memory in use before: 99.1 MB.
System memory in use after: 99.2 MB.

Unloading 38 unused Assets to reduce memory usage. Loaded Objects now: 2721.
Total: 3.903400 ms (FindLiveObjects: 0.243300 ms CreateObjectMapping: 0.119100 ms MarkObjects: 3.452100 ms  DeleteObjects: 0.087700 ms)

AssetImportParameters requested are different than current active one (requested -> active):
  custom:framework-win-MediaFoundation: 216162199b28c13a410421893ffa2e32 -> 
  custom:video-decoder-ogg-theora: a1e56fd34408186e4bbccfd4996cb3dc -> 
  custom:container-muxer-webm: aa71ff27fc2769a1b78a27578f13a17b -> 
  custom:container-demuxer-webm: 4f35f7cbe854078d1ac9338744f61a02 -> 
  custom:container-demuxer-ogg: 62fdf1f143b41e24485cea50d1cbac27 -> 
  custom:video-encoder-webm-vp8: eb34c28f22e8b96e1ab97ce403110664 -> 
  custom:video-decoder-webm-vp8: 9c59270c3fd7afecdb556c50c9e8de78 -> 
  custom:audio-decoder-ogg-vorbis: bf7c407c2cedff20999df2af8eb42d56 -> 
  custom:audio-encoder-webm-vorbis: bf7c407c2cedff20999df2af8eb42d56 -> 
========================================================================
Received Import Request.
  path: Assets
  artifactKey: Guid(00000000000000001000000000000000) Importer(815301076,1909f56bfc062723c751e8b465ee728b)
Start importing Assets using Guid(00000000000000001000000000000000) Importer(815301076,1909f56bfc062723c751e8b465ee728b)  -> (artifact id: '42d402b061de3733987d63b9cc3b64de') in 0.006987 seconds 
========================================================================
Received Import Request.
  Time since last request: 0.904517 seconds.
  path: Assets/Scripts
  artifactKey: Guid(d41ea34f14c0fc044ba753d5545ecbc2) Importer(815301076,1909f56bfc062723c751e8b465ee728b)
Start importing Assets/Scripts using Guid(d41ea34f14c0fc044ba753d5545ecbc2) Importer(815301076,1909f56bfc062723c751e8b465ee728b)  -> (artifact id: '8b48fe1d0c2e156540687f573453684d') in 0.004872 seconds 
========================================================================
Received Import Request.
  Time since last request: 5.323913 seconds.
  path: Assets/Models
  artifactKey: Guid(bccb5b15f35f937449e640bc959b9c7f) Importer(815301076,1909f56bfc062723c751e8b465ee728b)
Start importing Assets/Models using Guid(bccb5b15f35f937449e640bc959b9c7f) Importer(815301076,1909f56bfc062723c751e8b465ee728b)  -> (artifact id: '9fe4653d3f3bedf747841cf9c0f66cba') in 0.004480 seconds 
========================================================================
Received Import Request.
  Time since last request: 11.863303 seconds.
  path: Assets/Materials
  artifactKey: Guid(fdcc13a7875ca4d4f86cafce2aaa974a) Importer(815301076,1909f56bfc062723c751e8b465ee728b)
Start importing Assets/Materials using Guid(fdcc13a7875ca4d4f86cafce2aaa974a) Importer(815301076,1909f56bfc062723c751e8b465ee728b)  -> (artifact id: 'f3a9df8b9a661c8ba38623ae5988b96c') in 0.007179 seconds 
========================================================================
Received Import Request.
  Time since last request: 276.825425 seconds.
  path: Assets/Scenes
  artifactKey: Guid(bbbc74fad6ed1d243aee6102298f428b) Importer(815301076,1909f56bfc062723c751e8b465ee728b)
Start importing Assets/Scenes using Guid(bbbc74fad6ed1d243aee6102298f428b) Importer(815301076,1909f56bfc062723c751e8b465ee728b)  -> (artifact id: 'e2f5d9c482259fc97b3f344a61ab00ed') in 0.006532 seconds 
========================================================================
Received Import Request.
  Time since last request: 6.769133 seconds.
  path: Assets/Scenes/Menu.unity
  artifactKey: Guid(d8c59ea0569595348a7b11591ba6e25c) Importer(815301076,1909f56bfc062723c751e8b465ee728b)
Start importing Assets/Scenes/Menu.unity using Guid(d8c59ea0569595348a7b11591ba6e25c) Importer(815301076,1909f56bfc062723c751e8b465ee728b)  -> (artifact id: '2afa72977c9f68b0bbf693340d370e30') in 0.015612 seconds 
========================================================================
Received Import Request.
  Time since last request: 237.477970 seconds.
  path: Assets/Models/PlayButton.png
  artifactKey: Guid(476880ae4dcc7e14185405bad6f5f9c6) Importer(815301076,1909f56bfc062723c751e8b465ee728b)
Start importing Assets/Models/PlayButton.png using Guid(476880ae4dcc7e14185405bad6f5f9c6) Importer(815301076,1909f56bfc062723c751e8b465ee728b)  -> (artifact id: '910f893d98cce1f0413b6ad3c5e23ac7') in 0.089034 seconds 
========================================================================
Received Import Request.
  Time since last request: 435.390130 seconds.
  path: Assets/Models/MenuBackground.png
  artifactKey: Guid(1312c5a652ef265438a60b54aad49283) Importer(815301076,1909f56bfc062723c751e8b465ee728b)
Start importing Assets/Models/MenuBackground.png using Guid(1312c5a652ef265438a60b54aad49283) Importer(815301076,1909f56bfc062723c751e8b465ee728b)  -> (artifact id: '7a3afbe9f9c5d661cd1c037c52b4f6f0') in 0.015156 seconds 
========================================================================
Received Import Request.
  Time since last request: 63.515705 seconds.
  path: Assets/Models/MenuBackground2.png
  artifactKey: Guid(a6f1f3c5b3333be4a9f33dd146684eec) Importer(815301076,1909f56bfc062723c751e8b465ee728b)
Start importing Assets/Models/MenuBackground2.png using Guid(a6f1f3c5b3333be4a9f33dd146684eec) Importer(815301076,1909f56bfc062723c751e8b465ee728b)  -> (artifact id: '1dd926cde614f11aa84434295d816a25') in 0.013794 seconds 
